<?xml version="1.0" encoding="UTF-8"?>
<!-- Generated by org.testng.reporters.JUnitReportReporter -->
<testsuite skipped="0" hostname="AMMA-LEELAVATHI" name="crm.Abc" tests="1" failures="0" timestamp="23 Sep 2018 16:01:19 GMT" time="11.380" errors="0">
  <testcase name="setup" time="11.380" classname="crm.Abc"/>
</testsuite> <!-- crm.Abc -->
