<?xml version="1.0" encoding="UTF-8"?>
<!-- Generated by org.testng.reporters.JUnitReportReporter -->
<testsuite skipped="0" hostname="AMMA-LEELAVATHI" name="crm.TestNgBasics" tests="2" failures="0" timestamp="23 Sep 2018 16:01:19 GMT" time="22.748" errors="0">
  <testcase name="Login" time="11.573" classname="crm.TestNgBasics"/>
  <testcase name="Browser" time="11.175" classname="crm.TestNgBasics"/>
</testsuite> <!-- crm.TestNgBasics -->
